<?xml version="1.0" encoding="UTF-8"?>
<!-- Generated by org.testng.reporters.JUnitReportReporter -->
<testsuite hostname="DESKTOP-SHL9BFP" failures="0" tests="1" name="EditAddressTest$ViewAllAddressTest" time="2.207" errors="0" timestamp="2025-07-03T18:32:06 EDT" skipped="0">
  <testcase classname="EditAddressTest$ViewAllAddressTest" name="editAnAddress" time="2.207"/>
</testsuite> <!-- EditAddressTest$ViewAllAddressTest -->
