<?xml version="1.0" encoding="UTF-8"?>
<!-- Generated by org.testng.reporters.JUnitReportReporter -->
<testsuite hostname="DESKTOP-SHL9BFP" failures="0" tests="5" name="ViewAddresDetails" time="16.167" errors="0" timestamp="2025-07-06T15:06:54 EDT" skipped="0">
  <testcase classname="ViewAddresDetails" name="vewAddressDetailsByName" time="3.139"/>
  <testcase classname="ViewAddresDetails" name="vewAddressDetailsByName" time="3.352"/>
  <testcase classname="ViewAddresDetails" name="vewAddressDetailsByName" time="3.198"/>
  <testcase classname="ViewAddresDetails" name="vewAddressDetailsByName" time="3.286"/>
  <testcase classname="ViewAddresDetails" name="vewAddressDetailsByName" time="3.192"/>
</testsuite> <!-- ViewAddresDetails -->
