<?xml version="1.0" encoding="UTF-8"?>
<!-- Generated by org.testng.reporters.JUnitReportReporter -->
<testsuite hostname="DESKTOP-SHL9BFP" failures="0" tests="3" name="TestAddressBook" time="7.478" errors="0" timestamp="2025-07-02T14:54:50 EDT" skipped="0">
  <testcase classname="TestAddressBook" name="addNewEntry" time="2.449"/>
  <testcase classname="TestAddressBook" name="testAddContact" time="2.664"/>
  <testcase classname="TestAddressBook" name="testListAllAddress" time="2.365"/>
</testsuite> <!-- TestAddressBook -->
